{"/Users/gyuapstha/Documents/stairway/libs/ui/src/avatar/avatar.tsx": {"path":"/Users/gyuapstha/Documents/stairway/libs/ui/src/avatar/avatar.tsx","statementMap":{"0":{"start":{"line":11,"column":19},"end":{"line":14,"column":null}},"1":{"start":{"line":12,"column":18},"end":{"line":12,"column":null}},"2":{"start":{"line":13,"column":1},"end":{"line":13,"column":null}},"3":{"start":{"line":16,"column":25},"end":{"line":36,"column":null}},"4":{"start":{"line":17,"column":1},"end":{"line":35,"column":null}},"5":{"start":{"line":18,"column":19},"end":{"line":18,"column":null}},"6":{"start":{"line":19,"column":2},"end":{"line":19,"column":null}},"7":{"start":{"line":21,"column":16},"end":{"line":21,"column":null}},"8":{"start":{"line":23,"column":2},"end":{"line":34,"column":null}},"9":{"start":{"line":24,"column":3},"end":{"line":30,"column":null}},"10":{"start":{"line":25,"column":21},"end":{"line":25,"column":null}},"11":{"start":{"line":26,"column":4},"end":{"line":26,"column":null}},"12":{"start":{"line":28,"column":21},"end":{"line":28,"column":null}},"13":{"start":{"line":29,"column":4},"end":{"line":29,"column":null}},"14":{"start":{"line":32,"column":20},"end":{"line":32,"column":null}},"15":{"start":{"line":33,"column":3},"end":{"line":33,"column":null}},"16":{"start":{"line":38,"column":32},"end":{"line":51,"column":null}},"17":{"start":{"line":53,"column":33},"end":{"line":53,"column":null}},"18":{"start":{"line":55,"column":31},"end":{"line":68,"column":null}},"19":{"start":{"line":71,"column":1},"end":{"line":88,"column":null}}},"fnMap":{"0":{"name":"(anonymous_0)","decl":{"start":{"line":11,"column":19},"end":{"line":11,"column":25}},"loc":{"start":{"line":11,"column":25},"end":{"line":14,"column":null}}},"1":{"name":"(anonymous_1)","decl":{"start":{"line":16,"column":25},"end":{"line":16,"column":27}},"loc":{"start":{"line":16,"column":64},"end":{"line":36,"column":null}}},"2":{"name":"Avatar","decl":{"start":{"line":70,"column":16},"end":{"line":70,"column":24}},"loc":{"start":{"line":70,"column":59},"end":{"line":90,"column":null}}}},"branchMap":{"0":{"loc":{"start":{"line":17,"column":1},"end":{"line":35,"column":null}},"type":"if","locations":[{"start":{"line":17,"column":1},"end":{"line":35,"column":null}},{"start":{"line":20,"column":8},"end":{"line":35,"column":null}}]},"1":{"loc":{"start":{"line":17,"column":6},"end":{"line":17,"column":42}},"type":"binary-expr","locations":[{"start":{"line":17,"column":6},"end":{"line":17,"column":15}},{"start":{"line":17,"column":15},"end":{"line":17,"column":42}}]},"2":{"loc":{"start":{"line":23,"column":2},"end":{"line":34,"column":null}},"type":"if","locations":[{"start":{"line":23,"column":2},"end":{"line":34,"column":null}},{"start":{"line":31,"column":9},"end":{"line":34,"column":null}}]},"3":{"loc":{"start":{"line":24,"column":3},"end":{"line":30,"column":null}},"type":"if","locations":[{"start":{"line":24,"column":3},"end":{"line":30,"column":null}},{"start":{"line":27,"column":10},"end":{"line":30,"column":null}}]},"4":{"loc":{"start":{"line":73,"column":5},"end":{"line":78,"column":null}},"type":"binary-expr","locations":[{"start":{"line":73,"column":5},"end":{"line":73,"column":null}},{"start":{"line":74,"column":4},"end":{"line":78,"column":null}}]},"5":{"loc":{"start":{"line":80,"column":5},"end":{"line":86,"column":null}},"type":"binary-expr","locations":[{"start":{"line":80,"column":5},"end":{"line":80,"column":null}},{"start":{"line":81,"column":4},"end":{"line":86,"column":null}}]}},"s":{"0":1,"1":3,"2":3,"3":1,"4":4,"5":1,"6":1,"7":3,"8":3,"9":2,"10":1,"11":1,"12":1,"13":1,"14":1,"15":1,"16":1,"17":1,"18":1,"19":5},"f":{"0":3,"1":4,"2":5},"b":{"0":[1,3],"1":[4,3],"2":[2,1],"3":[1,1],"4":[5,1],"5":[5,4]}}
,"/Users/gyuapstha/Documents/stairway/libs/ui/src/banner/banner.tsx": {"path":"/Users/gyuapstha/Documents/stairway/libs/ui/src/banner/banner.tsx","statementMap":{"0":{"start":{"line":16,"column":28},"end":{"line":30,"column":null}},"1":{"start":{"line":33,"column":97},"end":{"line":33,"column":null}},"2":{"start":{"line":34,"column":1},"end":{"line":51,"column":null}}},"fnMap":{"0":{"name":"Banner","decl":{"start":{"line":32,"column":16},"end":{"line":32,"column":24}},"loc":{"start":{"line":32,"column":45},"end":{"line":53,"column":null}}}},"branchMap":{"0":{"loc":{"start":{"line":33,"column":9},"end":{"line":33,"column":33}},"type":"default-arg","locations":[{"start":{"line":33,"column":22},"end":{"line":33,"column":33}}]},"1":{"loc":{"start":{"line":33,"column":65},"end":{"line":33,"column":83}},"type":"default-arg","locations":[{"start":{"line":33,"column":76},"end":{"line":33,"column":83}}]},"2":{"loc":{"start":{"line":37,"column":6},"end":{"line":44,"column":null}},"type":"binary-expr","locations":[{"start":{"line":37,"column":6},"end":{"line":37,"column":null}},{"start":{"line":38,"column":5},"end":{"line":44,"column":null}}]},"3":{"loc":{"start":{"line":41,"column":19},"end":{"line":43,"column":null}},"type":"cond-expr","locations":[{"start":{"line":42,"column":9},"end":{"line":42,"column":null}},{"start":{"line":43,"column":9},"end":{"line":43,"column":null}}]},"4":{"loc":{"start":{"line":41,"column":19},"end":{"line":41,"column":null}},"type":"binary-expr","locations":[{"start":{"line":41,"column":19},"end":{"line":41,"column":47}},{"start":{"line":41,"column":47},"end":{"line":41,"column":null}}]},"5":{"loc":{"start":{"line":46,"column":6},"end":{"line":48,"column":null}},"type":"binary-expr","locations":[{"start":{"line":46,"column":6},"end":{"line":46,"column":null}},{"start":{"line":47,"column":5},"end":{"line":47,"column":null}},{"start":{"line":48,"column":20},"end":{"line":48,"column":null}}]}},"s":{"0":1,"1":0,"2":0},"f":{"0":0},"b":{"0":[0],"1":[0],"2":[0,0],"3":[0,0],"4":[0,0],"5":[0,0,0]}}
,"/Users/gyuapstha/Documents/stairway/libs/ui/src/button/button.tsx": {"path":"/Users/gyuapstha/Documents/stairway/libs/ui/src/button/button.tsx","statementMap":{"0":{"start":{"line":23,"column":17},"end":{"line":30,"column":null}},"1":{"start":{"line":31,"column":27},"end":{"line":31,"column":null}},"2":{"start":{"line":32,"column":1},"end":{"line":32,"column":null}},"3":{"start":{"line":35,"column":28},"end":{"line":65,"column":null}},"4":{"start":{"line":68,"column":27},"end":{"line":70,"column":null}},"5":{"start":{"line":71,"column":1},"end":{"line":92,"column":null}}},"fnMap":{"0":{"name":"renderButtonIcon","decl":{"start":{"line":22,"column":9},"end":{"line":22,"column":27}},"loc":{"start":{"line":22,"column":63},"end":{"line":33,"column":null}}},"1":{"name":"Button","decl":{"start":{"line":67,"column":16},"end":{"line":67,"column":24}},"loc":{"start":{"line":67,"column":45},"end":{"line":94,"column":null}}}},"branchMap":{"0":{"loc":{"start":{"line":22,"column":43},"end":{"line":22,"column":63}},"type":"default-arg","locations":[{"start":{"line":22,"column":56},"end":{"line":22,"column":63}}]},"1":{"loc":{"start":{"line":68,"column":27},"end":{"line":70,"column":null}},"type":"cond-expr","locations":[{"start":{"line":69,"column":4},"end":{"line":69,"column":null}},{"start":{"line":70,"column":4},"end":{"line":70,"column":null}}]},"2":{"loc":{"start":{"line":68,"column":62},"end":{"line":68,"column":85}},"type":"binary-expr","locations":[{"start":{"line":68,"column":62},"end":{"line":68,"column":82}},{"start":{"line":68,"column":82},"end":{"line":68,"column":85}}]},"3":{"loc":{"start":{"line":73,"column":14},"end":{"line":73,"column":null}},"type":"binary-expr","locations":[{"start":{"line":73,"column":14},"end":{"line":73,"column":32}},{"start":{"line":73,"column":32},"end":{"line":73,"column":null}}]},"4":{"loc":{"start":{"line":79,"column":15},"end":{"line":79,"column":null}},"type":"cond-expr","locations":[{"start":{"line":79,"column":33},"end":{"line":79,"column":42}},{"start":{"line":79,"column":42},"end":{"line":79,"column":null}}]},"5":{"loc":{"start":{"line":80,"column":14},"end":{"line":80,"column":null}},"type":"cond-expr","locations":[{"start":{"line":80,"column":50},"end":{"line":80,"column":59}},{"start":{"line":80,"column":59},"end":{"line":80,"column":null}}]},"6":{"loc":{"start":{"line":80,"column":14},"end":{"line":80,"column":50}},"type":"binary-expr","locations":[{"start":{"line":80,"column":14},"end":{"line":80,"column":32}},{"start":{"line":80,"column":32},"end":{"line":80,"column":50}}]},"7":{"loc":{"start":{"line":84,"column":5},"end":{"line":84,"column":null}},"type":"binary-expr","locations":[{"start":{"line":84,"column":5},"end":{"line":84,"column":26}},{"start":{"line":84,"column":26},"end":{"line":84,"column":null}}]},"8":{"loc":{"start":{"line":85,"column":5},"end":{"line":90,"column":null}},"type":"binary-expr","locations":[{"start":{"line":85,"column":5},"end":{"line":85,"column":null}},{"start":{"line":86,"column":4},"end":{"line":90,"column":null}}]},"9":{"loc":{"start":{"line":87,"column":7},"end":{"line":87,"column":null}},"type":"binary-expr","locations":[{"start":{"line":87,"column":7},"end":{"line":87,"column":27}},{"start":{"line":87,"column":27},"end":{"line":87,"column":null}}]},"10":{"loc":{"start":{"line":88,"column":7},"end":{"line":88,"column":null}},"type":"binary-expr","locations":[{"start":{"line":88,"column":7},"end":{"line":88,"column":27}},{"start":{"line":88,"column":27},"end":{"line":88,"column":null}}]},"11":{"loc":{"start":{"line":89,"column":7},"end":{"line":89,"column":null}},"type":"binary-expr","locations":[{"start":{"line":89,"column":7},"end":{"line":89,"column":26}},{"start":{"line":89,"column":26},"end":{"line":89,"column":null}}]}},"s":{"0":0,"1":0,"2":0,"3":1,"4":0,"5":0},"f":{"0":0,"1":0},"b":{"0":[0],"1":[0,0],"2":[0,0],"3":[0,0],"4":[0,0],"5":[0,0],"6":[0,0],"7":[0,0],"8":[0,0],"9":[0,0],"10":[0,0],"11":[0,0]}}
,"/Users/gyuapstha/Documents/stairway/libs/ui/src/card/card.tsx": {"path":"/Users/gyuapstha/Documents/stairway/libs/ui/src/card/card.tsx","statementMap":{"0":{"start":{"line":11,"column":31},"end":{"line":15,"column":null}},"1":{"start":{"line":18,"column":1},"end":{"line":26,"column":null}}},"fnMap":{"0":{"name":"Card","decl":{"start":{"line":17,"column":16},"end":{"line":17,"column":22}},"loc":{"start":{"line":17,"column":64},"end":{"line":28,"column":null}}}},"branchMap":{"0":{"loc":{"start":{"line":20,"column":5},"end":{"line":23,"column":null}},"type":"binary-expr","locations":[{"start":{"line":20,"column":5},"end":{"line":20,"column":null}},{"start":{"line":21,"column":4},"end":{"line":23,"column":null}}]},"1":{"loc":{"start":{"line":21,"column":69},"end":{"line":21,"column":97}},"type":"cond-expr","locations":[{"start":{"line":21,"column":80},"end":{"line":21,"column":89}},{"start":{"line":21,"column":89},"end":{"line":21,"column":97}}]}},"s":{"0":1,"1":0},"f":{"0":0},"b":{"0":[0,0],"1":[0,0]}}
,"/Users/gyuapstha/Documents/stairway/libs/ui/src/flex/flex.tsx": {"path":"/Users/gyuapstha/Documents/stairway/libs/ui/src/flex/flex.tsx","statementMap":{"0":{"start":{"line":15,"column":26},"end":{"line":42,"column":null}},"1":{"start":{"line":45,"column":23},"end":{"line":50,"column":null}},"2":{"start":{"line":52,"column":1},"end":{"line":52,"column":null}}},"fnMap":{"0":{"name":"Flex","decl":{"start":{"line":44,"column":16},"end":{"line":44,"column":22}},"loc":{"start":{"line":44,"column":41},"end":{"line":53,"column":null}}}},"branchMap":{"0":{"loc":{"start":{"line":46,"column":11},"end":{"line":46,"column":null}},"type":"binary-expr","locations":[{"start":{"line":46,"column":11},"end":{"line":46,"column":28}},{"start":{"line":46,"column":28},"end":{"line":46,"column":null}}]},"1":{"loc":{"start":{"line":47,"column":9},"end":{"line":47,"column":null}},"type":"binary-expr","locations":[{"start":{"line":47,"column":9},"end":{"line":47,"column":24}},{"start":{"line":47,"column":24},"end":{"line":47,"column":null}}]},"2":{"loc":{"start":{"line":48,"column":13},"end":{"line":48,"column":null}},"type":"binary-expr","locations":[{"start":{"line":48,"column":13},"end":{"line":48,"column":32}},{"start":{"line":48,"column":32},"end":{"line":48,"column":null}}]},"3":{"loc":{"start":{"line":49,"column":8},"end":{"line":49,"column":null}},"type":"cond-expr","locations":[{"start":{"line":49,"column":21},"end":{"line":49,"column":30}},{"start":{"line":49,"column":30},"end":{"line":49,"column":null}}]}},"s":{"0":1,"1":0,"2":0},"f":{"0":0},"b":{"0":[0,0],"1":[0,0],"2":[0,0],"3":[0,0]}}
,"/Users/gyuapstha/Documents/stairway/libs/ui/src/input/input-message.tsx": {"path":"/Users/gyuapstha/Documents/stairway/libs/ui/src/input/input-message.tsx","statementMap":{"0":{"start":{"line":11,"column":23},"end":{"line":18,"column":null}},"1":{"start":{"line":21,"column":48},"end":{"line":21,"column":null}},"2":{"start":{"line":22,"column":1},"end":{"line":24,"column":null}},"3":{"start":{"line":23,"column":2},"end":{"line":23,"column":null}},"4":{"start":{"line":25,"column":1},"end":{"line":27,"column":null}},"5":{"start":{"line":26,"column":2},"end":{"line":26,"column":null}},"6":{"start":{"line":29,"column":27},"end":{"line":32,"column":null}},"7":{"start":{"line":34,"column":1},"end":{"line":40,"column":null}}},"fnMap":{"0":{"name":"InputMessage","decl":{"start":{"line":20,"column":16},"end":{"line":20,"column":30}},"loc":{"start":{"line":20,"column":72},"end":{"line":42,"column":null}}}},"branchMap":{"0":{"loc":{"start":{"line":22,"column":1},"end":{"line":24,"column":null}},"type":"if","locations":[{"start":{"line":22,"column":1},"end":{"line":24,"column":null}},{"start":{"line":22,"column":1},"end":{"line":24,"column":null}}]},"1":{"loc":{"start":{"line":25,"column":1},"end":{"line":27,"column":null}},"type":"if","locations":[{"start":{"line":25,"column":1},"end":{"line":27,"column":null}},{"start":{"line":25,"column":1},"end":{"line":27,"column":null}}]},"2":{"loc":{"start":{"line":30,"column":9},"end":{"line":30,"column":null}},"type":"cond-expr","locations":[{"start":{"line":30,"column":36},"end":{"line":30,"column":45}},{"start":{"line":30,"column":45},"end":{"line":30,"column":null}}]},"3":{"loc":{"start":{"line":31,"column":11},"end":{"line":31,"column":null}},"type":"cond-expr","locations":[{"start":{"line":31,"column":37},"end":{"line":31,"column":46}},{"start":{"line":31,"column":46},"end":{"line":31,"column":null}}]},"4":{"loc":{"start":{"line":37,"column":6},"end":{"line":37,"column":null}},"type":"binary-expr","locations":[{"start":{"line":37,"column":6},"end":{"line":37,"column":14}},{"start":{"line":37,"column":14},"end":{"line":37,"column":null}}]}},"s":{"0":1,"1":0,"2":0,"3":0,"4":0,"5":0,"6":0,"7":0},"f":{"0":0},"b":{"0":[0,0],"1":[0,0],"2":[0,0],"3":[0,0],"4":[0,0]}}
,"/Users/gyuapstha/Documents/stairway/libs/ui/src/input/list-select.tsx": {"path":"/Users/gyuapstha/Documents/stairway/libs/ui/src/input/list-select.tsx","statementMap":{"0":{"start":{"line":20,"column":17},"end":{"line":24,"column":null}},"1":{"start":{"line":26,"column":21},"end":{"line":30,"column":null}},"2":{"start":{"line":33,"column":85},"end":{"line":33,"column":null}},"3":{"start":{"line":34,"column":29},"end":{"line":34,"column":null}},"4":{"start":{"line":36,"column":25},"end":{"line":38,"column":null}},"5":{"start":{"line":37,"column":16},"end":{"line":37,"column":null}},"6":{"start":{"line":40,"column":25},"end":{"line":42,"column":null}},"7":{"start":{"line":41,"column":2},"end":{"line":41,"column":null}},"8":{"start":{"line":44,"column":29},"end":{"line":46,"column":null}},"9":{"start":{"line":45,"column":2},"end":{"line":45,"column":null}},"10":{"start":{"line":48,"column":1},"end":{"line":118,"column":null}},"11":{"start":{"line":65,"column":49},"end":{"line":65,"column":null}},"12":{"start":{"line":66,"column":30},"end":{"line":66,"column":null}},"13":{"start":{"line":93,"column":8},"end":{"line":111,"column":null}},"14":{"start":{"line":99,"column":10},"end":{"line":109,"column":null}}},"fnMap":{"0":{"name":"ListSelect","decl":{"start":{"line":32,"column":16},"end":{"line":32,"column":28}},"loc":{"start":{"line":32,"column":53},"end":{"line":120,"column":null}}},"1":{"name":"(anonymous_1)","decl":{"start":{"line":37,"column":2},"end":{"line":37,"column":4}},"loc":{"start":{"line":37,"column":16},"end":{"line":37,"column":null}}},"2":{"name":"(anonymous_2)","decl":{"start":{"line":40,"column":25},"end":{"line":40,"column":27}},"loc":{"start":{"line":40,"column":64},"end":{"line":42,"column":null}}},"3":{"name":"(anonymous_3)","decl":{"start":{"line":44,"column":29},"end":{"line":44,"column":31}},"loc":{"start":{"line":44,"column":68},"end":{"line":46,"column":null}}},"4":{"name":"(anonymous_4)","decl":{"start":{"line":65,"column":21},"end":{"line":65,"column":23}},"loc":{"start":{"line":65,"column":49},"end":{"line":65,"column":null}}},"5":{"name":"(anonymous_5)","decl":{"start":{"line":66,"column":17},"end":{"line":66,"column":19}},"loc":{"start":{"line":66,"column":30},"end":{"line":66,"column":null}}},"6":{"name":"(anonymous_6)","decl":{"start":{"line":92,"column":30},"end":{"line":92,"column":32}},"loc":{"start":{"line":93,"column":8},"end":{"line":111,"column":null}}},"7":{"name":"(anonymous_7)","decl":{"start":{"line":98,"column":11},"end":{"line":98,"column":13}},"loc":{"start":{"line":99,"column":10},"end":{"line":109,"column":null}}}},"branchMap":{"0":{"loc":{"start":{"line":36,"column":25},"end":{"line":38,"column":null}},"type":"cond-expr","locations":[{"start":{"line":36,"column":40},"end":{"line":36,"column":50}},{"start":{"line":36,"column":50},"end":{"line":38,"column":null}}]},"1":{"loc":{"start":{"line":41,"column":42},"end":{"line":41,"column":68}},"type":"cond-expr","locations":[{"start":{"line":41,"column":51},"end":{"line":41,"column":60}},{"start":{"line":41,"column":60},"end":{"line":41,"column":68}}]},"2":{"loc":{"start":{"line":45,"column":46},"end":{"line":45,"column":72}},"type":"cond-expr","locations":[{"start":{"line":45,"column":55},"end":{"line":45,"column":64}},{"start":{"line":45,"column":64},"end":{"line":45,"column":72}}]},"3":{"loc":{"start":{"line":50,"column":21},"end":{"line":50,"column":45}},"type":"binary-expr","locations":[{"start":{"line":50,"column":21},"end":{"line":50,"column":30}},{"start":{"line":50,"column":30},"end":{"line":50,"column":45}}]},"4":{"loc":{"start":{"line":51,"column":6},"end":{"line":55,"column":null}},"type":"binary-expr","locations":[{"start":{"line":51,"column":6},"end":{"line":51,"column":null}},{"start":{"line":52,"column":5},"end":{"line":55,"column":null}}]},"5":{"loc":{"start":{"line":86,"column":8},"end":{"line":112,"column":null}},"type":"cond-expr","locations":[{"start":{"line":88,"column":8},"end":{"line":90,"column":null}},{"start":{"line":92,"column":9},"end":{"line":112,"column":null}}]},"6":{"loc":{"start":{"line":86,"column":8},"end":{"line":86,"column":null}},"type":"binary-expr","locations":[{"start":{"line":86,"column":8},"end":{"line":86,"column":40}},{"start":{"line":86,"column":40},"end":{"line":86,"column":null}}]},"7":{"loc":{"start":{"line":101,"column":13},"end":{"line":107,"column":null}},"type":"binary-expr","locations":[{"start":{"line":101,"column":13},"end":{"line":101,"column":null}},{"start":{"line":102,"column":12},"end":{"line":107,"column":null}}]},"8":{"loc":{"start":{"line":116,"column":6},"end":{"line":116,"column":null}},"type":"binary-expr","locations":[{"start":{"line":116,"column":6},"end":{"line":116,"column":17}},{"start":{"line":116,"column":17},"end":{"line":116,"column":null}}]}},"s":{"0":1,"1":1,"2":0,"3":0,"4":0,"5":0,"6":0,"7":0,"8":0,"9":0,"10":0,"11":0,"12":0,"13":0,"14":0},"f":{"0":0,"1":0,"2":0,"3":0,"4":0,"5":0,"6":0,"7":0},"b":{"0":[0,0],"1":[0,0],"2":[0,0],"3":[0,0],"4":[0,0],"5":[0,0],"6":[0,0],"7":[0,0],"8":[0,0]}}
,"/Users/gyuapstha/Documents/stairway/libs/ui/src/input/multi-select.tsx": {"path":"/Users/gyuapstha/Documents/stairway/libs/ui/src/input/multi-select.tsx","statementMap":{"0":{"start":{"line":14,"column":28},"end":{"line":18,"column":null}},"1":{"start":{"line":21,"column":27},"end":{"line":29,"column":null}},"2":{"start":{"line":21,"column":68},"end":{"line":29,"column":null}},"3":{"start":{"line":22,"column":2},"end":{"line":28,"column":null}},"4":{"start":{"line":23,"column":21},"end":{"line":23,"column":null}},"5":{"start":{"line":23,"column":52},"end":{"line":23,"column":75}},"6":{"start":{"line":24,"column":3},"end":{"line":24,"column":null}},"7":{"start":{"line":26,"column":21},"end":{"line":26,"column":null}},"8":{"start":{"line":27,"column":3},"end":{"line":27,"column":null}},"9":{"start":{"line":31,"column":19},"end":{"line":31,"column":null}},"10":{"start":{"line":31,"column":40},"end":{"line":31,"column":null}},"11":{"start":{"line":31,"column":63},"end":{"line":31,"column":71}},"12":{"start":{"line":33,"column":36},"end":{"line":35,"column":null}},"13":{"start":{"line":34,"column":2},"end":{"line":34,"column":null}},"14":{"start":{"line":37,"column":1},"end":{"line":48,"column":null}},"15":{"start":{"line":40,"column":4},"end":{"line":46,"column":null}}},"fnMap":{"0":{"name":"MultiSelect","decl":{"start":{"line":20,"column":16},"end":{"line":20,"column":32}},"loc":{"start":{"line":20,"column":61},"end":{"line":50,"column":null}}},"1":{"name":"(anonymous_1)","decl":{"start":{"line":21,"column":27},"end":{"line":21,"column":29}},"loc":{"start":{"line":21,"column":68},"end":{"line":29,"column":null}}},"2":{"name":"(anonymous_2)","decl":{"start":{"line":21,"column":68},"end":{"line":21,"column":74}},"loc":{"start":{"line":21,"column":74},"end":{"line":29,"column":null}}},"3":{"name":"(anonymous_3)","decl":{"start":{"line":23,"column":42},"end":{"line":23,"column":52}},"loc":{"start":{"line":23,"column":52},"end":{"line":23,"column":75}}},"4":{"name":"(anonymous_4)","decl":{"start":{"line":31,"column":19},"end":{"line":31,"column":21}},"loc":{"start":{"line":31,"column":40},"end":{"line":31,"column":null}}},"5":{"name":"(anonymous_5)","decl":{"start":{"line":31,"column":58},"end":{"line":31,"column":63}},"loc":{"start":{"line":31,"column":63},"end":{"line":31,"column":71}}},"6":{"name":"(anonymous_6)","decl":{"start":{"line":33,"column":36},"end":{"line":33,"column":38}},"loc":{"start":{"line":33,"column":60},"end":{"line":35,"column":null}}},"7":{"name":"(anonymous_7)","decl":{"start":{"line":39,"column":24},"end":{"line":39,"column":null}},"loc":{"start":{"line":40,"column":4},"end":{"line":46,"column":null}}}},"branchMap":{"0":{"loc":{"start":{"line":22,"column":2},"end":{"line":28,"column":null}},"type":"if","locations":[{"start":{"line":22,"column":2},"end":{"line":28,"column":null}},{"start":{"line":25,"column":9},"end":{"line":28,"column":null}}]},"1":{"loc":{"start":{"line":34,"column":54},"end":{"line":34,"column":81}},"type":"cond-expr","locations":[{"start":{"line":34,"column":64},"end":{"line":34,"column":73}},{"start":{"line":34,"column":73},"end":{"line":34,"column":81}}]}},"s":{"0":1,"1":0,"2":0,"3":0,"4":0,"5":0,"6":0,"7":0,"8":0,"9":0,"10":0,"11":0,"12":0,"13":0,"14":0,"15":0},"f":{"0":0,"1":0,"2":0,"3":0,"4":0,"5":0,"6":0,"7":0},"b":{"0":[0,0],"1":[0,0]}}
,"/Users/gyuapstha/Documents/stairway/libs/ui/src/input/single-select.tsx": {"path":"/Users/gyuapstha/Documents/stairway/libs/ui/src/input/single-select.tsx","statementMap":{"0":{"start":{"line":13,"column":28},"end":{"line":17,"column":null}},"1":{"start":{"line":20,"column":36},"end":{"line":22,"column":null}},"2":{"start":{"line":21,"column":2},"end":{"line":21,"column":null}},"3":{"start":{"line":24,"column":1},"end":{"line":41,"column":null}},"4":{"start":{"line":28,"column":5},"end":{"line":38,"column":null}},"5":{"start":{"line":34,"column":7},"end":{"line":36,"column":null}}},"fnMap":{"0":{"name":"SingleSelect","decl":{"start":{"line":19,"column":16},"end":{"line":19,"column":33}},"loc":{"start":{"line":19,"column":63},"end":{"line":43,"column":null}}},"1":{"name":"(anonymous_1)","decl":{"start":{"line":20,"column":36},"end":{"line":20,"column":38}},"loc":{"start":{"line":20,"column":77},"end":{"line":22,"column":null}}},"2":{"name":"(anonymous_2)","decl":{"start":{"line":27,"column":25},"end":{"line":27,"column":27}},"loc":{"start":{"line":28,"column":5},"end":{"line":38,"column":null}}},"3":{"name":"(anonymous_3)","decl":{"start":{"line":33,"column":8},"end":{"line":33,"column":10}},"loc":{"start":{"line":34,"column":7},"end":{"line":36,"column":null}}}},"branchMap":{"0":{"loc":{"start":{"line":21,"column":54},"end":{"line":21,"column":81}},"type":"cond-expr","locations":[{"start":{"line":21,"column":64},"end":{"line":21,"column":73}},{"start":{"line":21,"column":73},"end":{"line":21,"column":81}}]}},"s":{"0":1,"1":0,"2":0,"3":0,"4":0,"5":0},"f":{"0":0,"1":0,"2":0,"3":0},"b":{"0":[0,0]}}
,"/Users/gyuapstha/Documents/stairway/libs/ui/src/input/text-area.tsx": {"path":"/Users/gyuapstha/Documents/stairway/libs/ui/src/input/text-area.tsx","statementMap":{"0":{"start":{"line":16,"column":20},"end":{"line":23,"column":null}},"1":{"start":{"line":26,"column":28},"end":{"line":29,"column":null}},"2":{"start":{"line":31,"column":1},"end":{"line":45,"column":null}},"3":{"start":{"line":41,"column":21},"end":{"line":41,"column":null}}},"fnMap":{"0":{"name":"TextArea","decl":{"start":{"line":25,"column":16},"end":{"line":25,"column":26}},"loc":{"start":{"line":25,"column":49},"end":{"line":47,"column":null}}},"1":{"name":"(anonymous_1)","decl":{"start":{"line":41,"column":16},"end":{"line":41,"column":21}},"loc":{"start":{"line":41,"column":21},"end":{"line":41,"column":null}}}},"branchMap":{"0":{"loc":{"start":{"line":27,"column":9},"end":{"line":27,"column":null}},"type":"cond-expr","locations":[{"start":{"line":27,"column":42},"end":{"line":27,"column":51}},{"start":{"line":27,"column":51},"end":{"line":27,"column":null}}]},"1":{"loc":{"start":{"line":28,"column":11},"end":{"line":28,"column":null}},"type":"cond-expr","locations":[{"start":{"line":28,"column":43},"end":{"line":28,"column":52}},{"start":{"line":28,"column":52},"end":{"line":28,"column":null}}]},"2":{"loc":{"start":{"line":33,"column":5},"end":{"line":34,"column":null}},"type":"binary-expr","locations":[{"start":{"line":33,"column":5},"end":{"line":33,"column":null}},{"start":{"line":34,"column":16},"end":{"line":34,"column":null}}]},"3":{"loc":{"start":{"line":38,"column":12},"end":{"line":38,"column":null}},"type":"binary-expr","locations":[{"start":{"line":38,"column":12},"end":{"line":38,"column":26}},{"start":{"line":38,"column":26},"end":{"line":38,"column":null}}]},"4":{"loc":{"start":{"line":39,"column":19},"end":{"line":39,"column":null}},"type":"binary-expr","locations":[{"start":{"line":39,"column":19},"end":{"line":39,"column":40}},{"start":{"line":39,"column":40},"end":{"line":39,"column":null}}]},"5":{"loc":{"start":{"line":41,"column":21},"end":{"line":41,"column":null}},"type":"binary-expr","locations":[{"start":{"line":41,"column":21},"end":{"line":41,"column":39}},{"start":{"line":41,"column":39},"end":{"line":41,"column":null}}]},"6":{"loc":{"start":{"line":44,"column":5},"end":{"line":44,"column":null}},"type":"binary-expr","locations":[{"start":{"line":44,"column":5},"end":{"line":44,"column":22}},{"start":{"line":44,"column":22},"end":{"line":44,"column":null}}]}},"s":{"0":1,"1":0,"2":0,"3":0},"f":{"0":0,"1":0},"b":{"0":[0,0],"1":[0,0],"2":[0,0],"3":[0,0],"4":[0,0],"5":[0,0],"6":[0,0]}}
,"/Users/gyuapstha/Documents/stairway/libs/ui/src/input/text-input.tsx": {"path":"/Users/gyuapstha/Documents/stairway/libs/ui/src/input/text-input.tsx","statementMap":{"0":{"start":{"line":19,"column":20},"end":{"line":26,"column":null}},"1":{"start":{"line":29,"column":58},"end":{"line":29,"column":null}},"2":{"start":{"line":30,"column":28},"end":{"line":33,"column":null}},"3":{"start":{"line":35,"column":1},"end":{"line":55,"column":null}},"4":{"start":{"line":50,"column":30},"end":{"line":50,"column":null}}},"fnMap":{"0":{"name":"TextInput","decl":{"start":{"line":28,"column":16},"end":{"line":28,"column":27}},"loc":{"start":{"line":28,"column":51},"end":{"line":57,"column":null}}},"1":{"name":"(anonymous_1)","decl":{"start":{"line":50,"column":16},"end":{"line":50,"column":18}},"loc":{"start":{"line":50,"column":30},"end":{"line":50,"column":null}}}},"branchMap":{"0":{"loc":{"start":{"line":31,"column":9},"end":{"line":31,"column":null}},"type":"cond-expr","locations":[{"start":{"line":31,"column":42},"end":{"line":31,"column":51}},{"start":{"line":31,"column":51},"end":{"line":31,"column":null}}]},"1":{"loc":{"start":{"line":32,"column":11},"end":{"line":32,"column":null}},"type":"cond-expr","locations":[{"start":{"line":32,"column":43},"end":{"line":32,"column":52}},{"start":{"line":32,"column":52},"end":{"line":32,"column":null}}]},"2":{"loc":{"start":{"line":37,"column":5},"end":{"line":40,"column":null}},"type":"binary-expr","locations":[{"start":{"line":37,"column":5},"end":{"line":37,"column":null}},{"start":{"line":38,"column":4},"end":{"line":40,"column":null}}]},"3":{"loc":{"start":{"line":43,"column":6},"end":{"line":43,"column":null}},"type":"binary-expr","locations":[{"start":{"line":43,"column":6},"end":{"line":43,"column":22}},{"start":{"line":43,"column":22},"end":{"line":43,"column":null}}]},"4":{"loc":{"start":{"line":46,"column":12},"end":{"line":46,"column":null}},"type":"binary-expr","locations":[{"start":{"line":46,"column":12},"end":{"line":46,"column":26}},{"start":{"line":46,"column":26},"end":{"line":46,"column":null}}]},"5":{"loc":{"start":{"line":50,"column":30},"end":{"line":50,"column":null}},"type":"binary-expr","locations":[{"start":{"line":50,"column":30},"end":{"line":50,"column":48}},{"start":{"line":50,"column":48},"end":{"line":50,"column":null}}]},"6":{"loc":{"start":{"line":52,"column":6},"end":{"line":52,"column":null}},"type":"binary-expr","locations":[{"start":{"line":52,"column":6},"end":{"line":52,"column":21}},{"start":{"line":52,"column":21},"end":{"line":52,"column":null}}]},"7":{"loc":{"start":{"line":54,"column":5},"end":{"line":54,"column":null}},"type":"binary-expr","locations":[{"start":{"line":54,"column":5},"end":{"line":54,"column":22}},{"start":{"line":54,"column":22},"end":{"line":54,"column":null}}]}},"s":{"0":1,"1":0,"2":0,"3":0,"4":0},"f":{"0":0,"1":0},"b":{"0":[0,0],"1":[0,0],"2":[0,0],"3":[0,0],"4":[0,0],"5":[0,0],"6":[0,0],"7":[0,0]}}
,"/Users/gyuapstha/Documents/stairway/libs/ui/src/modal/modal.tsx": {"path":"/Users/gyuapstha/Documents/stairway/libs/ui/src/modal/modal.tsx","statementMap":{"0":{"start":{"line":13,"column":1},"end":{"line":16,"column":null}},"1":{"start":{"line":20,"column":20},"end":{"line":24,"column":null}},"2":{"start":{"line":27,"column":28},"end":{"line":27,"column":null}},"3":{"start":{"line":28,"column":1},"end":{"line":67,"column":null}}},"fnMap":{"0":{"name":"ModalTitle","decl":{"start":{"line":12,"column":16},"end":{"line":12,"column":28}},"loc":{"start":{"line":12,"column":55},"end":{"line":18,"column":null}}},"1":{"name":"Modal","decl":{"start":{"line":26,"column":16},"end":{"line":26,"column":23}},"loc":{"start":{"line":26,"column":74},"end":{"line":69,"column":null}}}},"branchMap":{"0":{"loc":{"start":{"line":27,"column":67},"end":{"line":27,"column":94}},"type":"cond-expr","locations":[{"start":{"line":27,"column":77},"end":{"line":27,"column":86}},{"start":{"line":27,"column":86},"end":{"line":27,"column":94}}]},"1":{"loc":{"start":{"line":61,"column":9},"end":{"line":61,"column":null}},"type":"binary-expr","locations":[{"start":{"line":61,"column":9},"end":{"line":61,"column":20}},{"start":{"line":61,"column":20},"end":{"line":61,"column":null}}]},"2":{"loc":{"start":{"line":62,"column":9},"end":{"line":62,"column":null}},"type":"binary-expr","locations":[{"start":{"line":62,"column":9},"end":{"line":62,"column":21}},{"start":{"line":62,"column":21},"end":{"line":62,"column":null}}]}},"s":{"0":0,"1":1,"2":0,"3":0},"f":{"0":0,"1":0},"b":{"0":[0,0],"1":[0,0],"2":[0,0]}}
,"/Users/gyuapstha/Documents/stairway/libs/ui/src/spinner/spinner.tsx": {"path":"/Users/gyuapstha/Documents/stairway/libs/ui/src/spinner/spinner.tsx","statementMap":{"0":{"start":{"line":10,"column":22},"end":{"line":23,"column":null}},"1":{"start":{"line":25,"column":24},"end":{"line":40,"column":null}},"2":{"start":{"line":43,"column":1},"end":{"line":51,"column":null}}},"fnMap":{"0":{"name":"Spinner","decl":{"start":{"line":42,"column":16},"end":{"line":42,"column":25}},"loc":{"start":{"line":42,"column":62},"end":{"line":53,"column":null}}}},"branchMap":{},"s":{"0":1,"1":1,"2":0},"f":{"0":0},"b":{}}
,"/Users/gyuapstha/Documents/stairway/libs/ui/src/stack/h-stack.tsx": {"path":"/Users/gyuapstha/Documents/stairway/libs/ui/src/stack/h-stack.tsx","statementMap":{"0":{"start":{"line":17,"column":21},"end":{"line":21,"column":null}},"1":{"start":{"line":23,"column":21},"end":{"line":30,"column":null}},"2":{"start":{"line":32,"column":22},"end":{"line":53,"column":null}},"3":{"start":{"line":33,"column":23},"end":{"line":33,"column":null}},"4":{"start":{"line":33,"column":73},"end":{"line":33,"column":97}},"5":{"start":{"line":34,"column":28},"end":{"line":37,"column":null}},"6":{"start":{"line":39,"column":1},"end":{"line":51,"column":null}},"7":{"start":{"line":47,"column":4},"end":{"line":49,"column":null}}},"fnMap":{"0":{"name":"(anonymous_0)","decl":{"start":{"line":32,"column":22},"end":{"line":32,"column":33}},"loc":{"start":{"line":32,"column":71},"end":{"line":53,"column":null}}},"1":{"name":"(anonymous_1)","decl":{"start":{"line":33,"column":60},"end":{"line":33,"column":62}},"loc":{"start":{"line":33,"column":73},"end":{"line":33,"column":97}}},"2":{"name":"(anonymous_2)","decl":{"start":{"line":46,"column":24},"end":{"line":46,"column":26}},"loc":{"start":{"line":47,"column":4},"end":{"line":49,"column":null}}}},"branchMap":{"0":{"loc":{"start":{"line":35,"column":10},"end":{"line":35,"column":null}},"type":"cond-expr","locations":[{"start":{"line":35,"column":34},"end":{"line":35,"column":43}},{"start":{"line":35,"column":43},"end":{"line":35,"column":null}}]},"1":{"loc":{"start":{"line":41,"column":13},"end":{"line":41,"column":null}},"type":"cond-expr","locations":[{"start":{"line":41,"column":30},"end":{"line":41,"column":41}},{"start":{"line":41,"column":41},"end":{"line":41,"column":null}}]}},"s":{"0":1,"1":1,"2":1,"3":0,"4":0,"5":0,"6":0,"7":0},"f":{"0":0,"1":0,"2":0},"b":{"0":[0,0],"1":[0,0]}}
,"/Users/gyuapstha/Documents/stairway/libs/ui/src/stack/v-stack.tsx": {"path":"/Users/gyuapstha/Documents/stairway/libs/ui/src/stack/v-stack.tsx","statementMap":{"0":{"start":{"line":13,"column":21},"end":{"line":20,"column":null}},"1":{"start":{"line":22,"column":22},"end":{"line":38,"column":null}},"2":{"start":{"line":23,"column":23},"end":{"line":23,"column":null}},"3":{"start":{"line":23,"column":73},"end":{"line":23,"column":97}},"4":{"start":{"line":24,"column":28},"end":{"line":27,"column":null}},"5":{"start":{"line":29,"column":1},"end":{"line":36,"column":null}},"6":{"start":{"line":32,"column":4},"end":{"line":34,"column":null}}},"fnMap":{"0":{"name":"(anonymous_0)","decl":{"start":{"line":22,"column":22},"end":{"line":22,"column":33}},"loc":{"start":{"line":22,"column":71},"end":{"line":38,"column":null}}},"1":{"name":"(anonymous_1)","decl":{"start":{"line":23,"column":60},"end":{"line":23,"column":62}},"loc":{"start":{"line":23,"column":73},"end":{"line":23,"column":97}}},"2":{"name":"(anonymous_2)","decl":{"start":{"line":31,"column":24},"end":{"line":31,"column":26}},"loc":{"start":{"line":32,"column":4},"end":{"line":34,"column":null}}}},"branchMap":{"0":{"loc":{"start":{"line":25,"column":12},"end":{"line":25,"column":null}},"type":"cond-expr","locations":[{"start":{"line":25,"column":29},"end":{"line":25,"column":38}},{"start":{"line":25,"column":38},"end":{"line":25,"column":null}}]}},"s":{"0":1,"1":1,"2":0,"3":0,"4":0,"5":0,"6":0},"f":{"0":0,"1":0,"2":0},"b":{"0":[0,0]}}
,"/Users/gyuapstha/Documents/stairway/libs/ui/src/stepper/stepper.tsx": {"path":"/Users/gyuapstha/Documents/stairway/libs/ui/src/stepper/stepper.tsx","statementMap":{"0":{"start":{"line":22,"column":23},"end":{"line":23,"column":null}},"1":{"start":{"line":23,"column":1},"end":{"line":23,"column":null}},"2":{"start":{"line":26,"column":19},"end":{"line":27,"column":null}},"3":{"start":{"line":27,"column":1},"end":{"line":27,"column":null}},"4":{"start":{"line":30,"column":18},"end":{"line":31,"column":null}},"5":{"start":{"line":31,"column":1},"end":{"line":31,"column":null}},"6":{"start":{"line":35,"column":44},"end":{"line":35,"column":null}},"7":{"start":{"line":36,"column":29},"end":{"line":36,"column":null}},"8":{"start":{"line":38,"column":1},"end":{"line":41,"column":null}},"9":{"start":{"line":39,"column":2},"end":{"line":39,"column":null}},"10":{"start":{"line":40,"column":2},"end":{"line":40,"column":null}},"11":{"start":{"line":43,"column":39},"end":{"line":43,"column":null}},"12":{"start":{"line":45,"column":24},"end":{"line":53,"column":null}},"13":{"start":{"line":46,"column":2},"end":{"line":52,"column":null}},"14":{"start":{"line":46,"column":16},"end":{"line":46,"column":19}},"15":{"start":{"line":47,"column":20},"end":{"line":47,"column":null}},"16":{"start":{"line":48,"column":3},"end":{"line":51,"column":null}},"17":{"start":{"line":49,"column":4},"end":{"line":49,"column":null}},"18":{"start":{"line":50,"column":4},"end":{"line":50,"column":null}},"19":{"start":{"line":55,"column":20},"end":{"line":63,"column":null}},"20":{"start":{"line":56,"column":2},"end":{"line":62,"column":null}},"21":{"start":{"line":56,"column":16},"end":{"line":56,"column":19}},"22":{"start":{"line":57,"column":20},"end":{"line":57,"column":null}},"23":{"start":{"line":58,"column":3},"end":{"line":61,"column":null}},"24":{"start":{"line":59,"column":4},"end":{"line":59,"column":null}},"25":{"start":{"line":60,"column":4},"end":{"line":60,"column":null}},"26":{"start":{"line":65,"column":1},"end":{"line":82,"column":null}}},"fnMap":{"0":{"name":"(anonymous_0)","decl":{"start":{"line":22,"column":23},"end":{"line":22,"column":25}},"loc":{"start":{"line":23,"column":1},"end":{"line":23,"column":null}}},"1":{"name":"(anonymous_1)","decl":{"start":{"line":26,"column":19},"end":{"line":26,"column":21}},"loc":{"start":{"line":27,"column":1},"end":{"line":27,"column":null}}},"2":{"name":"(anonymous_2)","decl":{"start":{"line":30,"column":18},"end":{"line":30,"column":20}},"loc":{"start":{"line":31,"column":1},"end":{"line":31,"column":null}}},"3":{"name":"Stepper","decl":{"start":{"line":34,"column":16},"end":{"line":34,"column":25}},"loc":{"start":{"line":34,"column":47},"end":{"line":84,"column":null}}},"4":{"name":"(anonymous_4)","decl":{"start":{"line":38,"column":22},"end":{"line":38,"column":30}},"loc":{"start":{"line":38,"column":30},"end":{"line":41,"column":3}}},"5":{"name":"(anonymous_5)","decl":{"start":{"line":45,"column":24},"end":{"line":45,"column":30}},"loc":{"start":{"line":45,"column":30},"end":{"line":53,"column":null}}},"6":{"name":"(anonymous_6)","decl":{"start":{"line":55,"column":20},"end":{"line":55,"column":26}},"loc":{"start":{"line":55,"column":26},"end":{"line":63,"column":null}}}},"branchMap":{"0":{"loc":{"start":{"line":48,"column":3},"end":{"line":51,"column":null}},"type":"if","locations":[{"start":{"line":48,"column":3},"end":{"line":51,"column":null}},{"start":{"line":48,"column":3},"end":{"line":51,"column":null}}]},"1":{"loc":{"start":{"line":58,"column":3},"end":{"line":61,"column":null}},"type":"if","locations":[{"start":{"line":58,"column":3},"end":{"line":61,"column":null}},{"start":{"line":58,"column":3},"end":{"line":61,"column":null}}]},"2":{"loc":{"start":{"line":68,"column":5},"end":{"line":80,"column":null}},"type":"cond-expr","locations":[{"start":{"line":69,"column":4},"end":{"line":72,"column":null}},{"start":{"line":74,"column":4},"end":{"line":80,"column":null}}]}},"s":{"0":1,"1":0,"2":1,"3":0,"4":1,"5":0,"6":0,"7":0,"8":0,"9":0,"10":0,"11":0,"12":0,"13":0,"14":0,"15":0,"16":0,"17":0,"18":0,"19":0,"20":0,"21":0,"22":0,"23":0,"24":0,"25":0,"26":0},"f":{"0":0,"1":0,"2":0,"3":0,"4":0,"5":0,"6":0},"b":{"0":[0,0],"1":[0,0],"2":[0,0]}}
}
